2011-05-30T21:33:13-0400: [Worker(delayed_job host:Harris-Novicks-iMac.local pid:73757)] User#generate_account completed after 8.1708
2011-05-30T21:33:13-0400: [Worker(delayed_job host:Harris-Novicks-iMac.local pid:73757)] 1 jobs processed at 0.1223 j/s, 0 failed ...
2011-05-30T22:11:28-0400: [Worker(delayed_job host:Harris-Novicks-iMac.local pid:73757)] User#generate_account completed after 9.7702
2011-05-30T22:11:28-0400: [Worker(delayed_job host:Harris-Novicks-iMac.local pid:73757)] 1 jobs processed at 0.1023 j/s, 0 failed ...
2011-05-30T22:16:17-0400: [Worker(delayed_job host:Harris-Novicks-iMac.local pid:73757)] User#generate_account completed after 8.6464
2011-05-30T22:16:17-0400: [Worker(delayed_job host:Harris-Novicks-iMac.local pid:73757)] 1 jobs processed at 0.1155 j/s, 0 failed ...
2011-05-30T22:22:29-0400: [Worker(delayed_job host:Harris-Novicks-iMac.local pid:73757)] User#generate_account failed with Timeout::Error: Timeout::Error - 0 failed attempts
2011-05-30T22:22:29-0400: [Worker(delayed_job host:Harris-Novicks-iMac.local pid:73757)] 1 jobs processed at 0.0129 j/s, 1 failed ...
2011-05-30T22:22:53-0400: [Worker(delayed_job host:Harris-Novicks-iMac.local pid:73757)] User#generate_account completed after 14.0940
2011-05-30T22:22:53-0400: [Worker(delayed_job host:Harris-Novicks-iMac.local pid:73757)] 1 jobs processed at 0.0709 j/s, 0 failed ...
2011-05-30T22:23:33-0400: [Worker(delayed_job host:Harris-Novicks-iMac.local pid:73757)] Exiting...
2011-05-30T22:23:43-0400: [Worker(delayed_job host:Harris-Novicks-iMac.local pid:76014)] Starting job worker
2011-05-30T22:23:56-0400: [Worker(delayed_job host:Harris-Novicks-iMac.local pid:76014)] User#generate_account completed after 7.6191
2011-05-30T22:23:56-0400: [Worker(delayed_job host:Harris-Novicks-iMac.local pid:76014)] 1 jobs processed at 0.1309 j/s, 0 failed ...
2011-05-30T22:27:24-0400: [Worker(delayed_job host:Harris-Novicks-iMac.local pid:76014)] User#generate_account completed after 3.6516
2011-05-30T22:27:24-0400: [Worker(delayed_job host:Harris-Novicks-iMac.local pid:76014)] 1 jobs processed at 0.2726 j/s, 0 failed ...
2011-05-30T22:32:23-0400: [Worker(delayed_job host:Harris-Novicks-iMac.local pid:76014)] Exiting...
2011-05-30T22:32:33-0400: [Worker(delayed_job host:Harris-Novicks-iMac.local pid:76285)] Starting job worker
2011-05-30T22:33:27-0400: [Worker(delayed_job host:Harris-Novicks-iMac.local pid:76285)] User#generate_account completed after 9.1910
2011-05-30T22:33:27-0400: [Worker(delayed_job host:Harris-Novicks-iMac.local pid:76285)] 1 jobs processed at 0.1084 j/s, 0 failed ...
2011-05-30T22:38:59-0400: [Worker(delayed_job host:Harris-Novicks-iMac.local pid:76285)] Exiting...
2011-05-30T22:39:36-0400: [Worker(delayed_job host:Harris-Novicks-iMac.local pid:76557)] Starting job worker
2011-05-30T22:40:41-0400: [Worker(delayed_job host:Harris-Novicks-iMac.local pid:76557)] User#generate_account completed after 15.6861
2011-05-30T22:40:41-0400: [Worker(delayed_job host:Harris-Novicks-iMac.local pid:76557)] 1 jobs processed at 0.0636 j/s, 0 failed ...
2011-06-07T20:40:22-0400: [Worker(delayed_job host:Harris-Novicks-iMac.local pid:76557)] Exiting...
2011-06-07T20:40:22-0400: [Worker(delayed_job host:Harris-Novicks-iMac.local pid:76557)] Exiting...
2011-06-07T20:52:55-0400: [Worker(delayed_job host:Harris-Novicks-iMac.local pid:610)] Starting job worker
2011-06-07T21:40:28-0400: [Worker(delayed_job host:Harris-Novicks-iMac.local pid:610)] User#generate_account failed with ActiveRecord::StatementInvalid: Mysql2::Error: Unknown column 'facebook_pages.user_id' in 'where clause': SELECT     `facebook_pages`.* FROM       `facebook_pages`  WHERE     (`facebook_pages`.user_id = 37) - 0 failed attempts
2011-06-07T21:40:28-0400: [Worker(delayed_job host:Harris-Novicks-iMac.local pid:610)] 1 jobs processed at 0.5105 j/s, 1 failed ...
2011-06-07T21:40:39-0400: [Worker(delayed_job host:Harris-Novicks-iMac.local pid:610)] User#generate_account failed with ActiveRecord::StatementInvalid: Mysql2::Error: Unknown column 'facebook_pages.user_id' in 'where clause': SELECT     `facebook_pages`.* FROM       `facebook_pages`  WHERE     (`facebook_pages`.user_id = 37) - 1 failed attempts
2011-06-07T21:40:39-0400: [Worker(delayed_job host:Harris-Novicks-iMac.local pid:610)] 1 jobs processed at 1.2854 j/s, 1 failed ...
2011-06-07T21:41:08-0400: [Worker(delayed_job host:Harris-Novicks-iMac.local pid:610)] User#generate_account failed with ActiveRecord::StatementInvalid: Mysql2::Error: Unknown column 'facebook_pages.user_id' in 'where clause': SELECT     `facebook_pages`.* FROM       `facebook_pages`  WHERE     (`facebook_pages`.user_id = 37) - 2 failed attempts
2011-06-07T21:41:08-0400: [Worker(delayed_job host:Harris-Novicks-iMac.local pid:610)] 1 jobs processed at 0.2515 j/s, 1 failed ...
2011-06-07T21:48:33-0400: [Worker(delayed_job host:Harris-Novicks-iMac.local pid:610)] Exiting...
2011-06-07T21:48:45-0400: [Worker(delayed_job host:Harris-Novicks-iMac.local pid:2469)] Starting job worker
2011-06-07T21:51:58-0400: [Worker(delayed_job host:Harris-Novicks-iMac.local pid:2469)] Exiting...
2011-06-07T21:52:00-0400: [Worker(delayed_job host:Harris-Novicks-iMac.local pid:2579)] Starting job worker
2011-06-07T21:57:23-0400: [Worker(delayed_job host:Harris-Novicks-iMac.local pid:2579)] Exiting...
2011-06-07T21:57:27-0400: [Worker(delayed_job host:Harris-Novicks-iMac.local pid:2749)] Starting job worker
2011-06-07T21:58:28-0400: [Worker(delayed_job host:Harris-Novicks-iMac.local pid:2749)] Exiting...
2011-06-07T21:58:34-0400: [Worker(delayed_job host:Harris-Novicks-iMac.local pid:2791)] Starting job worker
2011-06-07T21:59:29-0400: [Worker(delayed_job host:Harris-Novicks-iMac.local pid:2791)] User#generate_account_without_delay completed after 10.4140
2011-06-07T21:59:29-0400: [Worker(delayed_job host:Harris-Novicks-iMac.local pid:2791)] 1 jobs processed at 0.0958 j/s, 0 failed ...
2011-06-07T21:59:52-0400: [Worker(delayed_job host:Harris-Novicks-iMac.local pid:2791)] Exiting...
2011-06-07T21:59:56-0400: [Worker(delayed_job host:Harris-Novicks-iMac.local pid:2838)] Starting job worker
2011-06-07T22:03:38-0400: [Worker(delayed_job host:Harris-Novicks-iMac.local pid:2838)] User#generate_account_without_delay completed after 51.2209
2011-06-07T22:03:38-0400: [Worker(delayed_job host:Harris-Novicks-iMac.local pid:2838)] 1 jobs processed at 0.0195 j/s, 0 failed ...
2011-06-07T22:07:26-0400: [Worker(delayed_job host:Harris-Novicks-iMac.local pid:2838)] User#generate_account_without_delay completed after 8.0132
2011-06-07T22:07:26-0400: [Worker(delayed_job host:Harris-Novicks-iMac.local pid:2838)] 1 jobs processed at 0.1247 j/s, 0 failed ...
2011-06-07T22:12:51-0400: [Worker(delayed_job host:Harris-Novicks-iMac.local pid:2838)] User#generate_account_without_delay completed after 20.5530
2011-06-07T22:12:51-0400: [Worker(delayed_job host:Harris-Novicks-iMac.local pid:2838)] 1 jobs processed at 0.0486 j/s, 0 failed ...
2011-06-12T17:18:23-0400: [Worker(delayed_job host:Harris-Novicks-iMac.local pid:24810)] Starting job worker
2011-06-12T19:19:49-0400: [Worker(delayed_job host:Harris-Novicks-iMac.local pid:24810)] Exiting...
2011-06-12T19:19:51-0400: [Worker(delayed_job host:Harris-Novicks-iMac.local pid:28959)] Starting job worker
2011-06-12T20:18:41-0400: [Worker(delayed_job host:Harris-Novicks-iMac.local pid:28959)] Exiting...
2011-06-12T20:18:45-0400: [Worker(delayed_job host:Harris-Novicks-iMac.local pid:31071)] Starting job worker
2011-06-21T20:26:39-0400: [Worker(delayed_job host:Harris-Novicks-iMac.local pid:17289)] Starting job worker
2011-06-21T20:41:19-0400: [Worker(delayed_job host:Harris-Novicks-iMac.local pid:17289)] User#generate_account_without_delay completed after 9.6672
2011-06-21T20:41:19-0400: [Worker(delayed_job host:Harris-Novicks-iMac.local pid:17289)] 1 jobs processed at 0.1032 j/s, 0 failed ...
2011-06-22T21:39:13-0400: [Worker(delayed_job host:Harris-Novicks-iMac.local pid:37995)] Starting job worker
2011-06-22T21:49:48-0400: [Worker(delayed_job host:Harris-Novicks-iMac.local pid:37995)] Exiting...
2011-06-22T21:49:55-0400: [Worker(delayed_job host:Harris-Novicks-iMac.local pid:38428)] Starting job worker
2011-06-22T21:50:41-0400: [Worker(delayed_job host:Harris-Novicks-iMac.local pid:38428)] User#generate_account_without_delay completed after 5.6010
2011-06-22T21:50:41-0400: [Worker(delayed_job host:Harris-Novicks-iMac.local pid:38428)] 1 jobs processed at 0.1777 j/s, 0 failed ...
2011-06-23T20:30:20-0400: [Worker(delayed_job host:Harris-Novicks-iMac.local pid:38428)] User#generate_account_without_delay completed after 7.1358
2011-06-23T20:30:20-0400: [Worker(delayed_job host:Harris-Novicks-iMac.local pid:38428)] 1 jobs processed at 0.1401 j/s, 0 failed ...
2011-06-23T20:37:41-0400: [Worker(delayed_job host:Harris-Novicks-iMac.local pid:38428)] User#generate_account_without_delay completed after 6.0582
2011-06-23T20:37:41-0400: [Worker(delayed_job host:Harris-Novicks-iMac.local pid:38428)] 1 jobs processed at 0.1645 j/s, 0 failed ...
2011-06-23T20:56:57-0400: [Worker(delayed_job host:Harris-Novicks-iMac.local pid:38428)] User#generate_account_without_delay completed after 5.8112
2011-06-23T20:56:57-0400: [Worker(delayed_job host:Harris-Novicks-iMac.local pid:38428)] 1 jobs processed at 0.1720 j/s, 0 failed ...
2011-07-01T22:04:35-0400: [Worker(delayed_job host:Harris-Novicks-iMac.local pid:38428)] Exiting...
2011-07-07T00:40:19-0400: [Worker(delayed_job host:Harris-Novicks-iMac.local pid:15194)] Starting job worker
2011-07-08T18:59:36-0400: [Worker(delayed_job host:Harris-Novicks-iMac.local pid:2032)] Starting job worker
2011-07-08T18:59:42-0400: [Worker(delayed_job host:Harris-Novicks-iMac.local pid:2032)] User#generate_account_without_delay failed with SocketError: getaddrinfo: nodename nor servname provided, or not known - 0 failed attempts
2011-07-08T18:59:42-0400: [Worker(delayed_job host:Harris-Novicks-iMac.local pid:2032)] 1 jobs processed at 0.1820 j/s, 1 failed ...
2011-07-08T19:07:18-0400: [Worker(delayed_job host:Harris-Novicks-iMac.local pid:2265)] Starting job worker
2011-07-08T23:05:30-0400: [Worker(delayed_job host:Harris-Novicks-iMac.local pid:59372)] Starting job worker
2011-07-08T23:36:42-0400: [Worker(delayed_job host:Harris-Novicks-iMac.local pid:83662)] Starting job worker
2011-07-08T23:36:42-0400: [Worker(delayed_job host:Harris-Novicks-iMac.local pid:83662)] User#generate_account_without_delay failed with NoMethodError: undefined method `token' for nil:NilClass - 0 failed attempts
2011-07-08T23:36:42-0400: [Worker(delayed_job host:Harris-Novicks-iMac.local pid:83662)] User#generate_account_without_delay failed with NoMethodError: undefined method `token' for nil:NilClass - 0 failed attempts
2011-07-09T18:40:07-0400: [Worker(delayed_job host:Harris-Novicks-iMac.local pid:82014)] Starting job worker
2011-07-09T18:55:13-0400: [Worker(delayed_job host:Harris-Novicks-iMac.local pid:82014)] User#generate_account_without_delay failed with OpenSSL::SSL::SSLError: SSL_connect returned=1 errno=0 state=SSLv3 read server certificate B: certificate verify failed - 0 failed attempts
2011-07-09T18:55:13-0400: [Worker(delayed_job host:Harris-Novicks-iMac.local pid:82014)] 1 jobs processed at 3.2988 j/s, 1 failed ...
2011-07-09T18:55:23-0400: [Worker(delayed_job host:Harris-Novicks-iMac.local pid:82014)] User#generate_account_without_delay failed with OpenSSL::SSL::SSLError: SSL_connect returned=1 errno=0 state=SSLv3 read server certificate B: certificate verify failed - 1 failed attempts
2011-07-09T18:55:23-0400: [Worker(delayed_job host:Harris-Novicks-iMac.local pid:82014)] 1 jobs processed at 5.0053 j/s, 1 failed ...
2011-07-09T18:55:48-0400: [Worker(delayed_job host:Harris-Novicks-iMac.local pid:82014)] User#generate_account_without_delay failed with OpenSSL::SSL::SSLError: SSL_connect returned=1 errno=0 state=SSLv3 read server certificate B: certificate verify failed - 2 failed attempts
2011-07-09T18:55:48-0400: [Worker(delayed_job host:Harris-Novicks-iMac.local pid:82014)] 1 jobs processed at 1.7544 j/s, 1 failed ...
2011-07-09T18:57:19-0400: [Worker(delayed_job host:Harris-Novicks-iMac.local pid:82014)] User#generate_account_without_delay failed with OpenSSL::SSL::SSLError: SSL_connect returned=1 errno=0 state=SSLv3 read server certificate B: certificate verify failed - 3 failed attempts
2011-07-09T18:57:19-0400: [Worker(delayed_job host:Harris-Novicks-iMac.local pid:82014)] 1 jobs processed at 4.2179 j/s, 1 failed ...
2011-07-09T19:00:49-0400: [Worker(delayed_job host:Harris-Novicks-iMac.local pid:82014)] User#generate_account_without_delay failed with OpenSSL::SSL::SSLError: SSL_connect returned=1 errno=0 state=SSLv3 read server certificate B: certificate verify failed - 0 failed attempts
2011-07-09T19:00:49-0400: [Worker(delayed_job host:Harris-Novicks-iMac.local pid:82014)] 1 jobs processed at 4.8310 j/s, 1 failed ...
2011-07-09T19:00:59-0400: [Worker(delayed_job host:Harris-Novicks-iMac.local pid:82014)] User#generate_account_without_delay failed with OpenSSL::SSL::SSLError: SSL_connect returned=1 errno=0 state=SSLv3 read server certificate B: certificate verify failed - 1 failed attempts
2011-07-09T19:00:59-0400: [Worker(delayed_job host:Harris-Novicks-iMac.local pid:82014)] 1 jobs processed at 4.8861 j/s, 1 failed ...
2011-07-09T19:01:25-0400: [Worker(delayed_job host:Harris-Novicks-iMac.local pid:82014)] User#generate_account_without_delay failed with OpenSSL::SSL::SSLError: SSL_connect returned=1 errno=0 state=SSLv3 read server certificate B: certificate verify failed - 2 failed attempts
2011-07-09T19:01:25-0400: [Worker(delayed_job host:Harris-Novicks-iMac.local pid:82014)] 1 jobs processed at 1.8121 j/s, 1 failed ...
2011-07-09T19:02:55-0400: [Worker(delayed_job host:Harris-Novicks-iMac.local pid:82014)] User#generate_account_without_delay failed with OpenSSL::SSL::SSLError: SSL_connect returned=1 errno=0 state=SSLv3 read server certificate B: certificate verify failed - 3 failed attempts
2011-07-09T19:02:55-0400: [Worker(delayed_job host:Harris-Novicks-iMac.local pid:82014)] 1 jobs processed at 4.2066 j/s, 1 failed ...
2011-07-09T19:07:20-0400: [Worker(delayed_job host:Harris-Novicks-iMac.local pid:82014)] User#generate_account_without_delay failed with OpenSSL::SSL::SSLError: SSL_connect returned=1 errno=0 state=SSLv3 read server certificate B: certificate verify failed - 4 failed attempts
2011-07-09T19:07:20-0400: [Worker(delayed_job host:Harris-Novicks-iMac.local pid:82014)] 1 jobs processed at 4.2787 j/s, 1 failed ...
2011-07-09T19:17:51-0400: [Worker(delayed_job host:Harris-Novicks-iMac.local pid:82014)] User#generate_account_without_delay failed with OpenSSL::SSL::SSLError: SSL_connect returned=1 errno=0 state=SSLv3 read server certificate B: certificate verify failed - 5 failed attempts
2011-07-09T19:17:51-0400: [Worker(delayed_job host:Harris-Novicks-iMac.local pid:82014)] 1 jobs processed at 4.3327 j/s, 1 failed ...
2011-07-09T19:39:32-0400: [Worker(delayed_job host:Harris-Novicks-iMac.local pid:82014)] User#generate_account_without_delay failed with OpenSSL::SSL::SSLError: SSL_connect returned=1 errno=0 state=SSLv3 read server certificate B: certificate verify failed - 6 failed attempts
2011-07-09T19:39:32-0400: [Worker(delayed_job host:Harris-Novicks-iMac.local pid:82014)] 1 jobs processed at 3.6991 j/s, 1 failed ...
2011-07-09T19:54:13-0400: [Worker(delayed_job host:Harris-Novicks-iMac.local pid:82014)] User#generate_account_without_delay failed with OpenSSL::SSL::SSLError: SSL_connect returned=1 errno=0 state=SSLv3 read server certificate B: certificate verify failed - 0 failed attempts
2011-07-09T19:54:13-0400: [Worker(delayed_job host:Harris-Novicks-iMac.local pid:82014)] 1 jobs processed at 5.0099 j/s, 1 failed ...
2011-07-09T19:54:23-0400: [Worker(delayed_job host:Harris-Novicks-iMac.local pid:82014)] User#generate_account_without_delay failed with OpenSSL::SSL::SSLError: SSL_connect returned=1 errno=0 state=SSLv3 read server certificate B: certificate verify failed - 1 failed attempts
2011-07-09T19:54:23-0400: [Worker(delayed_job host:Harris-Novicks-iMac.local pid:82014)] 1 jobs processed at 5.2754 j/s, 1 failed ...
2011-07-09T19:54:49-0400: [Worker(delayed_job host:Harris-Novicks-iMac.local pid:82014)] User#generate_account_without_delay failed with OpenSSL::SSL::SSLError: SSL_connect returned=1 errno=0 state=SSLv3 read server certificate B: certificate verify failed - 2 failed attempts
2011-07-09T19:54:49-0400: [Worker(delayed_job host:Harris-Novicks-iMac.local pid:82014)] 1 jobs processed at 1.7039 j/s, 1 failed ...
2011-07-09T19:56:19-0400: [Worker(delayed_job host:Harris-Novicks-iMac.local pid:82014)] User#generate_account_without_delay failed with OpenSSL::SSL::SSLError: SSL_connect returned=1 errno=0 state=SSLv3 read server certificate B: certificate verify failed - 3 failed attempts
2011-07-09T19:56:19-0400: [Worker(delayed_job host:Harris-Novicks-iMac.local pid:82014)] 1 jobs processed at 4.6289 j/s, 1 failed ...
2011-07-09T20:03:34-0400: [Worker(delayed_job host:Harris-Novicks-iMac.local pid:82014)] User#generate_account_without_delay failed with OpenSSL::SSL::SSLError: SSL_connect returned=1 errno=0 state=SSLv3 read server certificate B: certificate verify failed - 0 failed attempts
2011-07-09T20:03:34-0400: [Worker(delayed_job host:Harris-Novicks-iMac.local pid:82014)] 1 jobs processed at 5.2823 j/s, 1 failed ...
2011-07-09T20:03:44-0400: [Worker(delayed_job host:Harris-Novicks-iMac.local pid:82014)] User#generate_account_without_delay failed with OpenSSL::SSL::SSLError: SSL_connect returned=1 errno=0 state=SSLv3 read server certificate B: certificate verify failed - 1 failed attempts
2011-07-09T20:03:44-0400: [Worker(delayed_job host:Harris-Novicks-iMac.local pid:82014)] 1 jobs processed at 5.2837 j/s, 1 failed ...
2011-07-09T20:04:10-0400: [Worker(delayed_job host:Harris-Novicks-iMac.local pid:82014)] User#generate_account_without_delay failed with OpenSSL::SSL::SSLError: SSL_connect returned=1 errno=0 state=SSLv3 read server certificate B: certificate verify failed - 2 failed attempts
2011-07-09T20:04:10-0400: [Worker(delayed_job host:Harris-Novicks-iMac.local pid:82014)] 1 jobs processed at 1.7830 j/s, 1 failed ...
2011-07-09T20:05:40-0400: [Worker(delayed_job host:Harris-Novicks-iMac.local pid:82014)] User#generate_account_without_delay failed with OpenSSL::SSL::SSLError: SSL_connect returned=1 errno=0 state=SSLv3 read server certificate B: certificate verify failed - 3 failed attempts
2011-07-09T20:05:40-0400: [Worker(delayed_job host:Harris-Novicks-iMac.local pid:82014)] 1 jobs processed at 4.3100 j/s, 1 failed ...
2011-07-09T20:09:07-0400: [Worker(delayed_job host:Harris-Novicks-iMac.local pid:82014)] Exiting...
2011-07-09T20:10:04-0400: [Worker(delayed_job host:Harris-Novicks-iMac.local pid:85584)] Starting job worker
2011-07-09T20:10:14-0400: [Worker(delayed_job host:Harris-Novicks-iMac.local pid:85584)] User#generate_account_without_delay failed with Errno::ENOENT: No such file or directory - Certificate file "/Users/Harris/git/SGA/configcurl-ca-bundle.crt" does not exist! - 0 failed attempts
2011-07-09T20:10:14-0400: [Worker(delayed_job host:Harris-Novicks-iMac.local pid:85584)] 1 jobs processed at 8.7527 j/s, 1 failed ...
2011-07-09T20:10:24-0400: [Worker(delayed_job host:Harris-Novicks-iMac.local pid:85584)] User#generate_account_without_delay failed with Errno::ENOENT: No such file or directory - Certificate file "/Users/Harris/git/SGA/configcurl-ca-bundle.crt" does not exist! - 1 failed attempts
2011-07-09T20:10:24-0400: [Worker(delayed_job host:Harris-Novicks-iMac.local pid:85584)] 1 jobs processed at 34.9820 j/s, 1 failed ...
2011-07-09T20:11:14-0400: [Worker(delayed_job host:Harris-Novicks-iMac.local pid:85584)] User#generate_account_without_delay failed with Errno::ENOENT: No such file or directory - Certificate file "/Users/Harris/git/SGA/configcurl-ca-bundle.crt" does not exist! - 0 failed attempts
2011-07-09T20:11:14-0400: [Worker(delayed_job host:Harris-Novicks-iMac.local pid:85584)] 1 jobs processed at 46.7702 j/s, 1 failed ...
2011-07-09T20:11:24-0400: [Worker(delayed_job host:Harris-Novicks-iMac.local pid:85584)] User#generate_account_without_delay failed with Errno::ENOENT: No such file or directory - Certificate file "/Users/Harris/git/SGA/configcurl-ca-bundle.crt" does not exist! - 1 failed attempts
2011-07-09T20:11:24-0400: [Worker(delayed_job host:Harris-Novicks-iMac.local pid:85584)] 1 jobs processed at 22.0857 j/s, 1 failed ...
2011-07-09T20:11:32-0400: [Worker(delayed_job host:Harris-Novicks-iMac.local pid:85584)] Exiting...
2011-07-09T20:12:19-0400: [Worker(delayed_job host:Harris-Novicks-iMac.local pid:85690)] Starting job worker
2011-07-09T20:12:24-0400: [Worker(delayed_job host:Harris-Novicks-iMac.local pid:85690)] User#generate_account_without_delay completed after 5.0594
2011-07-09T20:12:24-0400: [Worker(delayed_job host:Harris-Novicks-iMac.local pid:85690)] 1 jobs processed at 0.1960 j/s, 0 failed ...
2011-07-09T20:39:18-0400: [Worker(delayed_job host:Harris-Novicks-iMac.local pid:85690)] Exiting...
2011-07-09T20:40:31-0400: [Worker(delayed_job host:Harris-Novicks-iMac.local pid:11048)] Starting job worker
2011-07-09T20:40:38-0400: [Worker(delayed_job host:Harris-Novicks-iMac.local pid:11048)] User#generate_account_without_delay completed after 6.9007
2011-07-09T20:40:38-0400: [Worker(delayed_job host:Harris-Novicks-iMac.local pid:11048)] 1 jobs processed at 0.1426 j/s, 0 failed ...
2011-07-09T20:44:31-0400: [Worker(delayed_job host:Harris-Novicks-iMac.local pid:11048)] Exiting...
2011-07-09T21:27:15-0400: [Worker(delayed_job host:Harris-Novicks-iMac.local pid:42786)] Starting job worker
2011-07-10T02:36:56-0400: [Worker(delayed_job host:Harris-Novicks-iMac.local pid:6615)] Starting job worker
2011-07-10T02:37:01-0400: [Worker(delayed_job host:Harris-Novicks-iMac.local pid:6615)] User#generate_account_without_delay completed after 5.0893
2011-07-10T02:37:01-0400: [Worker(delayed_job host:Harris-Novicks-iMac.local pid:6615)] 1 jobs processed at 0.1917 j/s, 0 failed ...
2011-07-10T02:37:04-0400: [Worker(delayed_job host:Harris-Novicks-iMac.local pid:6615)] Exiting...
2011-07-10T02:38:23-0400: [Worker(delayed_job host:Harris-Novicks-iMac.local pid:6645)] Starting job worker
2011-07-10T02:38:43-0400: [Worker(delayed_job host:Harris-Novicks-iMac.local pid:6645)] User#generate_account_without_delay completed after 4.9861
2011-07-10T02:38:43-0400: [Worker(delayed_job host:Harris-Novicks-iMac.local pid:6645)] 1 jobs processed at 0.1974 j/s, 0 failed ...
2011-07-10T03:14:18-0400: [Worker(delayed_job host:Harris-Novicks-iMac.local pid:6645)] Exiting...
2011-07-10T03:18:27-0400: [Worker(delayed_job host:Harris-Novicks-iMac.local pid:7417)] Starting job worker
2011-07-10T03:18:55-0400: [Worker(delayed_job host:Harris-Novicks-iMac.local pid:7417)] User#generate_account_without_delay completed after 7.8941
2011-07-10T03:18:55-0400: [Worker(delayed_job host:Harris-Novicks-iMac.local pid:7417)] 1 jobs processed at 0.1260 j/s, 0 failed ...
